<?xml version="1.0" encoding="UTF-8"?>
<testsuite xmlns:xsi="http://www.w3.org/2001/XMLSchema-instance" xsi:noNamespaceSchemaLocation="https://maven.apache.org/surefire/maven-surefire-plugin/xsd/surefire-test-report-3.0.xsd" version="3.0" name="com.example.dao.UserDaoIntegrationTest" time="7.266" tests="4" errors="0" skipped="0" failures="0">
  <properties>
[...]
</properties>
  <testcase name="testSaveAndGetById" classname="com.example.dao.UserDaoIntegrationTest" time="0.244">
    <system-err><![CDATA[[main] INFO org.testcontainers.images.PullPolicy - Image pull policy will be performed by: DefaultPullPolicy()
[main] INFO org.testcontainers.utility.ImageNameSubstitutor - Image name substitution will be performed by: DefaultImageNameSubstitutor (composite of 'ConfigurationFileImageNameSubstitutor' and 'PrefixingImageNameSubstitutor')
[main] INFO org.testcontainers.DockerClientFactory - Testcontainers version: 1.20.3
[main] INFO org.testcontainers.dockerclient.DockerClientProviderStrategy - Loaded org.testcontainers.dockerclient.NpipeSocketClientProviderStrategy from ~/.testcontainers.properties, will try it first
[main] INFO org.testcontainers.dockerclient.DockerClientProviderStrategy - Found Docker environment with local Npipe socket (npipe:////./pipe/docker_engine)
[main] INFO org.testcontainers.DockerClientFactory - Docker host IP address is localhost
[main] INFO org.testcontainers.DockerClientFactory - Connected to docker: 
  Server Version: 28.5.1
  API Version: 1.51
  Operating System: Docker Desktop
  Total Memory: 7049 MB
  Labels: 
    com.docker.desktop.address=npipe://\\.\pipe\docker_cli
[main] INFO tc.testcontainers/ryuk:0.9.0 - Creating container for image: testcontainers/ryuk:0.9.0
[main] INFO org.testcontainers.utility.RegistryAuthLocator - Failure when attempting to lookup auth config. Please ignore if you don't have images in an authenticated registry. Details: (dockerImageName: testcontainers/ryuk:0.9.0, configFile: C:\Users\Aleksandr\.docker\config.json, configEnv: DOCKER_AUTH_CONFIG). Falling back to docker-java default behaviour. Exception message: Unrecognized token 'credentials': was expecting ('true', 'false' or 'null')
 at [Source: credentials not found in native keychain; line: 1, column: 12]
[main] INFO tc.testcontainers/ryuk:0.9.0 - Container testcontainers/ryuk:0.9.0 is starting: bdaac8cdac75132421f8eafaf97b75a1d34b747d02bdd8609a1b55e4e3130650
[main] INFO tc.testcontainers/ryuk:0.9.0 - Container testcontainers/ryuk:0.9.0 started in PT0.9398194S
[main] INFO org.testcontainers.utility.RyukResourceReaper - Ryuk started - will monitor and terminate Testcontainers containers on JVM exit
[main] INFO org.testcontainers.DockerClientFactory - Checking the system...
[main] INFO org.testcontainers.DockerClientFactory - ✔︎ Docker server version should be at least 1.6.0
[main] INFO tc.postgres:15 - Creating container for image: postgres:15
[main] INFO tc.postgres:15 - Container postgres:15 is starting: 1d19a3df68ec6e8064ca3888ec0bd605642ac26e1128f4b2f58227a1aab6d2f4
[main] INFO tc.postgres:15 - Container postgres:15 started in PT2.1434755S
[main] INFO tc.postgres:15 - Container is started (JDBC URL: jdbc:postgresql://localhost:58738/users_db?loggerLevel=OFF)
нояб. 01, 2025 8:24:23 PM org.hibernate.Version logVersion
INFO: HHH000412: Hibernate ORM core version 6.4.4.Final
нояб. 01, 2025 8:24:23 PM org.hibernate.cache.internal.RegionFactoryInitiator initiateService
INFO: HHH000026: Second-level cache disabled
нояб. 01, 2025 8:24:24 PM org.hibernate.engine.jdbc.connections.internal.DriverManagerConnectionProviderImpl configure
WARN: HHH10001002: Using built-in connection pool (not intended for production use)
нояб. 01, 2025 8:24:24 PM org.hibernate.engine.jdbc.connections.internal.DriverManagerConnectionProviderImpl buildCreator
INFO: HHH10001005: Loaded JDBC driver class: org.postgresql.Driver
нояб. 01, 2025 8:24:24 PM org.hibernate.engine.jdbc.connections.internal.DriverManagerConnectionProviderImpl buildCreator
INFO: HHH10001012: Connecting with JDBC URL [jdbc:postgresql://localhost:58738/users_db?loggerLevel=OFF]
нояб. 01, 2025 8:24:24 PM org.hibernate.engine.jdbc.connections.internal.DriverManagerConnectionProviderImpl buildCreator
INFO: HHH10001001: Connection properties: {password=****, user=postgres}
нояб. 01, 2025 8:24:24 PM org.hibernate.engine.jdbc.connections.internal.DriverManagerConnectionProviderImpl buildCreator
INFO: HHH10001003: Autocommit mode: false
нояб. 01, 2025 8:24:24 PM org.hibernate.engine.jdbc.connections.internal.DriverManagerConnectionProviderImpl$PooledConnections <init>
INFO: HHH10001115: Connection pool size: 20 (min=1)
нояб. 01, 2025 8:24:24 PM org.hibernate.engine.jdbc.dialect.internal.DialectFactoryImpl constructDialect
WARN: HHH90000025: PostgreSQLDialect does not need to be specified explicitly using 'hibernate.dialect' (remove the property setting and it will be selected by default)
нояб. 01, 2025 8:24:25 PM org.hibernate.engine.transaction.jta.platform.internal.JtaPlatformInitiator initiateService
INFO: HHH000489: No JTA platform available (set 'hibernate.transaction.jta.platform' to enable JTA platform integration)
нояб. 01, 2025 8:24:25 PM org.hibernate.resource.transaction.backend.jdbc.internal.DdlTransactionIsolatorNonJtaImpl getIsolatedConnection
INFO: HHH10001501: Connection obtained from JdbcConnectionAccess [org.hibernate.engine.jdbc.env.internal.JdbcEnvironmentInitiator$ConnectionProviderJdbcConnectionAccess@4597e6e3] for (non-JTA) DDL execution was not in auto-commit mode; the Connection 'local transaction' will be committed and the Connection will be set into auto-commit mode.
[main] INFO com.example.userservice.dao.UserDaoImpl - Пользователь сохранён: UserEntity{id=1, name='Test', email='test@mail.com', age=30, createdAt=2025-11-01T20:24:25.832669600}
]]></system-err>
  </testcase>
  <testcase name="testGetAllUsers" classname="com.example.dao.UserDaoIntegrationTest" time="0.27">
    <system-err><![CDATA[[main] INFO com.example.userservice.dao.UserDaoImpl - Пользователь сохранён: UserEntity{id=1, name='Alice', email='alice@mail.com', age=28, createdAt=2025-11-01T20:24:25.959617800}
[main] INFO com.example.userservice.dao.UserDaoImpl - Пользователь сохранён: UserEntity{id=2, name='Bob', email='bob@mail.com', age=35, createdAt=2025-11-01T20:24:25.960130100}
]]></system-err>
  </testcase>
  <testcase name="testUpdateUser" classname="com.example.dao.UserDaoIntegrationTest" time="0.038">
    <system-err><![CDATA[[main] INFO com.example.userservice.dao.UserDaoImpl - Пользователь сохранён: UserEntity{id=1, name='Original', email='orig@mail.com', age=25, createdAt=2025-11-01T20:24:26.229419100}
[main] INFO com.example.userservice.dao.UserDaoImpl - Данные о пользователе обновлены: UserEntity{id=1, name='Updated', email='updated@mail.com', age=25, createdAt=2025-11-01T20:24:26.229419100}
]]></system-err>
  </testcase>
  <testcase name="testDeleteUser" classname="com.example.dao.UserDaoIntegrationTest" time="0.032">
    <system-err><![CDATA[[main] INFO com.example.userservice.dao.UserDaoImpl - Пользователь сохранён: UserEntity{id=1, name='ToDelete', email='delete@mail.com', age=40, createdAt=2025-11-01T20:24:26.272712700}
[main] INFO com.example.userservice.dao.UserDaoImpl - Пользователь удалён: UserEntity{id=1, name='ToDelete', email='delete@mail.com', age=40, createdAt=2025-11-01T20:24:26.272713}
]]></system-err>
  </testcase>
</testsuite>