<?xml version="1.0" encoding="UTF-8"?>
<testsuite xmlns:xsi="http://www.w3.org/2001/XMLSchema-instance" xsi:noNamespaceSchemaLocation="https://maven.apache.org/surefire/maven-surefire-plugin/xsd/surefire-test-report-3.0.xsd" version="3.0" name="com.example.service.UserServiceTest" time="0.784" tests="5" errors="0" skipped="0" failures="0">
  <properties>
[...]
</properties>
  <testcase name="testGetAllUsers" classname="com.example.service.UserServiceTest" time="0.735"/>
  <testcase name="testUpdateUser" classname="com.example.service.UserServiceTest" time="0.011"/>
  <testcase name="testCreateUserCallsDaoSave" classname="com.example.service.UserServiceTest" time="0.005"/>
  <testcase name="testDeleteUser" classname="com.example.service.UserServiceTest" time="0.005"/>
  <testcase name="testGetUserById" classname="com.example.service.UserServiceTest" time="0.005"/>
</testsuite>